  Compiling CUDA source file kernel.cu...
  
  C:\Users\stijn\Documents\school\2023-2024\geavanceerde computerarchitectuur\timedArrayFlip\arrayFlipTime\arrayFlipTime>"C:\Program Files\NVIDIA GPU Computing Toolkit\CUDA\v12.3\bin\nvcc.exe" -gencode=arch=compute_52,code=\"sm_52,compute_52\" --use-local-env -ccbin "C:\Program Files (x86)\Microsoft Visual Studio\2019\Community\VC\Tools\MSVC\14.28.29333\bin\HostX86\x64" -x cu   -I"C:\Program Files\NVIDIA GPU Computing Toolkit\CUDA\v12.3\include" -I"C:\Program Files\NVIDIA GPU Computing Toolkit\CUDA\v12.3\include"     --keep-dir x64\Release  -maxrregcount=0   --machine 64 --compile -cudart static    -DWIN32 -DWIN64 -DNDEBUG -D_CONSOLE -D_MBCS -Xcompiler "/EHsc /W3 /nologo /O2 /FS   /MD " -Xcompiler "/Fdx64\Release\vc142.pdb" -o "C:\Users\stijn\Documents\school\2023-2024\geavanceerde computerarchitectuur\timedArrayFlip\arrayFlipTime\arrayFlipTime\x64\Release\kernel.cu.obj" "C:\Users\stijn\Documents\school\2023-2024\geavanceerde computerarchitectuur\timedArrayFlip\arrayFlipTime\arrayFlipTime\kernel.cu" 
C:\Users\stijn\Documents\school\2023-2024\geavanceerde computerarchitectuur\timedArrayFlip\arrayFlipTime\arrayFlipTime\kernel.cu(172): warning #69-D: integer conversion resulted in truncation
        printf("needed clocks: %lf\n", runFlipCPU(5000000000));
                                                  ^
  
  Remark: The warnings can be suppressed with "-diag-suppress <warning-number>"
  
C:\Users\stijn\Documents\school\2023-2024\geavanceerde computerarchitectuur\timedArrayFlip\arrayFlipTime\arrayFlipTime\kernel.cu(173): warning #69-D: integer conversion resulted in truncation
        printf("needed clocks: %lf\n", runFlipGPU(5000000000));
                                                  ^
  
C:\Users\stijn\Documents\school\2023-2024\geavanceerde computerarchitectuur\timedArrayFlip\arrayFlipTime\arrayFlipTime\kernel.cu(172): warning #69-D: integer conversion resulted in truncation
        printf("needed clocks: %lf\n", runFlipCPU(5000000000));
                                                  ^
  
  Remark: The warnings can be suppressed with "-diag-suppress <warning-number>"
  
C:\Users\stijn\Documents\school\2023-2024\geavanceerde computerarchitectuur\timedArrayFlip\arrayFlipTime\arrayFlipTime\kernel.cu(173): warning #69-D: integer conversion resulted in truncation
        printf("needed clocks: %lf\n", runFlipGPU(5000000000));
                                                  ^
  
  kernel.cu
  tmpxft_00002ea8_00000000-7_kernel.cudafe1.cpp
C:\Users\stijn\Documents\school\2023-2024\geavanceerde computerarchitectuur\timedArrayFlip\arrayFlipTime\arrayFlipTime\kernel.cu(172): warning C4305: 'argument': truncation from '__int64' to 'int'
C:\Users\stijn\Documents\school\2023-2024\geavanceerde computerarchitectuur\timedArrayFlip\arrayFlipTime\arrayFlipTime\kernel.cu(172): warning C4309: 'argument': truncation of constant value
C:\Users\stijn\Documents\school\2023-2024\geavanceerde computerarchitectuur\timedArrayFlip\arrayFlipTime\arrayFlipTime\kernel.cu(173): warning C4305: 'argument': truncation from '__int64' to 'int'
C:\Users\stijn\Documents\school\2023-2024\geavanceerde computerarchitectuur\timedArrayFlip\arrayFlipTime\arrayFlipTime\kernel.cu(173): warning C4309: 'argument': truncation of constant value
     Creating library C:\Users\stijn\Documents\school\2023-2024\geavanceerde computerarchitectuur\timedArrayFlip\arrayFlipTime\x64\Release\arrayFlipTime.lib and object C:\Users\stijn\Documents\school\2023-2024\geavanceerde computerarchitectuur\timedArrayFlip\arrayFlipTime\x64\Release\arrayFlipTime.exp
LINK : warning LNK4098: defaultlib 'LIBCMT' conflicts with use of other libs; use /NODEFAULTLIB:library
  LINK : /LTCG specified but no code generation required; remove /LTCG from the link command line to improve linker performance
  arrayFlipTime.vcxproj -> C:\Users\stijn\Documents\school\2023-2024\geavanceerde computerarchitectuur\timedArrayFlip\arrayFlipTime\x64\Release\arrayFlipTime.exe
